<?xml version="1.0" encoding="UTF-8"?>
<testsuites errors="16" failures="16"><testsuite name="BackstopJS" tests="860" errors="16" failures="16"><testcase name=" ›› atoms" classname="document"/><testcase name=" ›› atoms" classname="document"/><testcase name=" ›› atoms" classname="document"/><testcase name=" ›› atoms" classname="document"/><testcase name=" ›› atoms" classname="document"/><testcase name=" ›› atoms content grouping header" classname="document"/><testcase name=" ›› atoms content grouping header" classname="document"/><testcase name=" ›› atoms content grouping header" classname="document"/><testcase name=" ›› atoms content grouping header" classname="document"/><testcase name=" ›› atoms content grouping header" classname="document"/><testcase name=" ›› atoms copyright" classname="document"/><testcase name=" ›› atoms copyright" classname="document"/><testcase name=" ›› atoms copyright" classname="document"/><testcase name=" ›› atoms copyright" classname="document"/><testcase name=" ›› atoms copyright" classname="document"/><testcase name=" ›› atoms date block" classname="document"/><testcase name=" ›› atoms date block" classname="document"/><testcase name=" ›› atoms date block" classname="document"/><testcase name=" ›› atoms date block" classname="document"/><testcase name=" ›› atoms date block" classname="document"/><testcase name=" ›› atoms gate" classname="document"/><testcase name=" ›› atoms gate" classname="document"/><testcase name=" ›› atoms gate" classname="document"/><testcase name=" ›› atoms gate" classname="document"/><testcase name=" ›› atoms gate" classname="document"/><testcase name=" ›› atoms unordered list" classname="document"/><testcase name=" ›› atoms unordered list" classname="document"/><testcase name=" ›› atoms unordered list" classname="document"/><testcase name=" ›› atoms unordered list" classname="document"/><testcase name=" ›› atoms unordered list" classname="document"/><testcase name=" ›› atoms page title" classname="document"/><testcase name=" ›› atoms page title" classname="document"/><testcase name=" ›› atoms page title" classname="document"/><testcase name=" ›› atoms page title" classname="document"/><testcase name=" ›› atoms page title" classname="document"/><testcase name=" ›› atoms paragraph" classname="document"/><testcase name=" ›› atoms paragraph" classname="document"/><testcase name=" ›› atoms paragraph" classname="document"/><testcase name=" ›› atoms paragraph" classname="document"/><testcase name=" ›› atoms paragraph" classname="document"/><testcase name=" ›› atoms skip nav" classname="document"/><testcase name=" ›› atoms skip nav" classname="document"/><testcase name=" ›› atoms skip nav" classname="document"/><testcase name=" ›› atoms skip nav" classname="document"/><testcase name=" ›› atoms skip nav" classname="document"/><testcase name=" ›› atoms subtitle" classname="document"/><testcase name=" ›› atoms subtitle" classname="document"/><testcase name=" ›› atoms subtitle" classname="document"/><testcase name=" ›› atoms subtitle" classname="document"/><testcase name=" ›› atoms subtitle" classname="document"/><testcase name=" ›› atoms table" classname="document"/><testcase name=" ›› atoms table" classname="document"/><testcase name=" ›› atoms table" classname="document"/><testcase name=" ›› atoms table" classname="document"/><testcase name=" ›› atoms table" classname="document"/><testcase name=" ›› atoms tag" classname="document"/><testcase name=" ›› atoms tag" classname="document"/><testcase name=" ›› atoms tag" classname="document"/><testcase name=" ›› atoms tag" classname="document"/><testcase name=" ›› atoms tag" classname="document"/><testcase name=" ›› atoms unordered list" classname="document"/><testcase name=" ›› atoms unordered list" classname="document"/><testcase name=" ›› atoms unordered list" classname="document"/><testcase name=" ›› atoms unordered list" classname="document"/><testcase name=" ›› atoms unordered list" classname="document"/><testcase name=" ›› article stub as inline alt" classname=".ama__article-stub--inline-alt"/><testcase name=" ›› article stub as inline alt" classname=".ama__article-stub--inline-alt"/><testcase name=" ›› article stub as inline alt" classname=".ama__article-stub--inline-alt"/><testcase name=" ›› article stub as inline alt" classname=".ama__article-stub--inline-alt"/><testcase name=" ›› article stub as inline alt" classname=".ama__article-stub--inline-alt"/><testcase name=" ›› article stub as inline" classname=".ama__article-stub--inline"/><testcase name=" ›› article stub as inline" classname=".ama__article-stub--inline"/><testcase name=" ›› article stub as inline" classname=".ama__article-stub--inline"/><testcase name=" ›› article stub as inline" classname=".ama__article-stub--inline"/><testcase name=" ›› article stub as inline" classname=".ama__article-stub--inline"/><testcase name=" ›› article stub as metadata" classname="document"/><testcase name=" ›› article stub as metadata" classname="document"/><testcase name=" ›› article stub as metadata" classname="document"/><testcase name=" ›› article stub as metadata" classname="document"/><testcase name=" ›› article stub as metadata" classname="document"/><testcase name=" ›› article stub" classname=".ama__article-stub"/><testcase name=" ›› article stub" classname=".ama__article-stub"/><testcase name=" ›› article stub" classname=".ama__article-stub"/><testcase name=" ›› article stub" classname=".ama__article-stub"/><testcase name=" ›› article stub" classname=".ama__article-stub"/><testcase name=" ›› article stub as related content" classname=".ama__article-stub"/><testcase name=" ›› article stub as related content" classname=".ama__article-stub"/><testcase name=" ›› article stub as related content" classname=".ama__article-stub"/><testcase name=" ›› article stub as related content" classname=".ama__article-stub"/><testcase name=" ›› article stub as related content" classname=".ama__article-stub"/><testcase name=" ›› article stub as related" classname=".ama__article-stub"/><testcase name=" ›› article stub as related" classname=".ama__article-stub"/><testcase name=" ›› article stub as related" classname=".ama__article-stub"/><testcase name=" ›› article stub as related" classname=".ama__article-stub"/><testcase name=" ›› article stub as related" classname=".ama__article-stub"/><testcase name=" ›› article stub as title only" classname=".ama__article-stub"/><testcase name=" ›› article stub as title only" classname=".ama__article-stub"/><testcase name=" ›› article stub as title only" classname=".ama__article-stub"/><testcase name=" ›› article stub as title only" classname=".ama__article-stub"/><testcase name=" ›› article stub as title only" classname=".ama__article-stub"/><testcase name=" ›› article stub as video" classname=".ama__article-stub"/><testcase name=" ›› article stub as video" classname=".ama__article-stub"/><testcase name=" ›› article stub as video" classname=".ama__article-stub"/><testcase name=" ›› article stub as video" classname=".ama__article-stub"/><testcase name=" ›› article stub as video" classname=".ama__article-stub"/><testcase name=" ›› article stub for category page" classname=".ama__article-stub"/><testcase name=" ›› article stub for category page" classname=".ama__article-stub"/><testcase name=" ›› article stub for category page" classname=".ama__article-stub"/><testcase name=" ›› article stub for category page" classname=".ama__article-stub"/><testcase name=" ›› article stub for category page" classname=".ama__article-stub"/><testcase name=" ›› article stub for category page Title" classname=".ama__article-stub"/><testcase name=" ›› article stub for category page Title" classname=".ama__article-stub"/><testcase name=" ›› article stub for category page Title" classname=".ama__article-stub"/><testcase name=" ›› article stub for category page Title" classname=".ama__article-stub"/><testcase name=" ›› article stub for category page Title" classname=".ama__article-stub"/><testcase name=" ›› article stub for category page with Image" classname=".ama__article-stub"/><testcase name=" ›› article stub for category page with Image" classname=".ama__article-stub"/><testcase name=" ›› article stub for category page with Image" classname=".ama__article-stub"/><testcase name=" ›› article stub for category page with Image" classname=".ama__article-stub"/><testcase name=" ›› article stub for category page with Image" classname=".ama__article-stub"/><testcase name=" ›› article stub for homepage" classname=".ama__article-stub"/><testcase name=" ›› article stub for homepage" classname=".ama__article-stub"/><testcase name=" ›› article stub for homepage" classname=".ama__article-stub"/><testcase name=" ›› article stub for homepage" classname=".ama__article-stub"/><testcase name=" ›› article stub for homepage" classname=".ama__article-stub"/><testcase name=" ›› article stub as hero for homepage" classname=".ama__article-stub"/><testcase name=" ›› article stub as hero for homepage" classname=".ama__article-stub"/><testcase name=" ›› article stub as hero for homepage" classname=".ama__article-stub"/><testcase name=" ›› article stub as hero for homepage" classname=".ama__article-stub"/><testcase name=" ›› article stub as hero for homepage" classname=".ama__article-stub"/><testcase name=" ›› category hero" classname=".ama__category-hero"/><testcase name=" ›› category hero" classname=".ama__category-hero"/><testcase name=" ›› category hero" classname=".ama__category-hero"/><testcase name=" ›› category hero" classname=".ama__category-hero"/><testcase name=" ›› category hero" classname=".ama__category-hero"/><testcase name=" ›› content with label" classname="dt"/><testcase name=" ›› content with label" classname="dt"/><testcase name=" ›› content with label" classname="dt"/><testcase name=" ›› content with label" classname="dt"/><testcase name=" ›› content with label" classname="dt"/><testcase name=" ›› content with label as list" classname="dl"><error message="Design deviation ›› content with label as list (dl) component" type="CSS component"/><failure message="Design deviation ›› content with label as list (dl) component" type="CSS component"/></testcase><testcase name=" ›› content with label as list" classname="dl"><error message="Design deviation ›› content with label as list (dl) component" type="CSS component"/><failure message="Design deviation ›› content with label as list (dl) component" type="CSS component"/></testcase><testcase name=" ›› content with label as list" classname="dl"><error message="Design deviation ›› content with label as list (dl) component" type="CSS component"/><failure message="Design deviation ›› content with label as list (dl) component" type="CSS component"/></testcase><testcase name=" ›› content with label as list" classname="dl"><error message="Design deviation ›› content with label as list (dl) component" type="CSS component"/><failure message="Design deviation ›› content with label as list (dl) component" type="CSS component"/></testcase><testcase name=" ›› content with label as list" classname="dl"><error message="Design deviation ›› content with label as list (dl) component" type="CSS component"/><failure message="Design deviation ›› content with label as list (dl) component" type="CSS component"/></testcase><testcase name=" ›› checkbox group" classname=".ama__checkboxes"/><testcase name=" ›› checkbox group" classname=".ama__checkboxes.__n1"/><testcase name=" ›› checkbox group" classname=".ama__checkboxes"/><testcase name=" ›› checkbox group" classname=".ama__checkboxes.__n1"/><testcase name=" ›› checkbox group" classname=".ama__checkboxes"/><testcase name=" ›› checkbox group" classname=".ama__checkboxes.__n1"/><testcase name=" ›› checkbox group" classname=".ama__checkboxes"/><testcase name=" ›› checkbox group" classname=".ama__checkboxes.__n1"/><testcase name=" ›› checkbox group" classname=".ama__checkboxes"/><testcase name=" ›› checkbox group" classname=".ama__checkboxes.__n1"/><testcase name=" ›› display switch menu" classname=".ama__display-switch-menu"/><testcase name=" ›› display switch menu" classname=".ama__display-switch-menu"/><testcase name=" ›› display switch menu" classname=".ama__display-switch-menu"/><testcase name=" ›› display switch menu" classname=".ama__display-switch-menu"/><testcase name=" ›› display switch menu" classname=".ama__display-switch-menu"/><testcase name=" ›› event stub" classname=".ama__event-stub"/><testcase name=" ›› event stub" classname=".ama__event-stub.__n1"/><testcase name=" ›› event stub" classname=".ama__event-stub"/><testcase name=" ›› event stub" classname=".ama__event-stub.__n1"/><testcase name=" ›› event stub" classname=".ama__event-stub"/><testcase name=" ›› event stub" classname=".ama__event-stub.__n1"/><testcase name=" ›› event stub" classname=".ama__event-stub"/><testcase name=" ›› event stub" classname=".ama__event-stub.__n1"/><testcase name=" ›› event stub" classname=".ama__event-stub"/><testcase name=" ›› event stub" classname=".ama__event-stub.__n1"/><testcase name=" ›› explorer menu" classname=".ama__explore-menu"/><testcase name=" ›› explorer menu" classname=".ama__explore-menu"/><testcase name=" ›› explorer menu" classname=".ama__explore-menu"/><testcase name=" ›› explorer menu" classname=".ama__explore-menu"/><testcase name=" ›› explorer menu" classname=".ama__explore-menu"/><testcase name=" ›› filter list" classname=".search-list"/><testcase name=" ›› filter list" classname=" .search-filter"/><testcase name=" ›› filter list" classname=".search-list"/><testcase name=" ›› filter list" classname=" .search-filter"/><testcase name=" ›› filter list" classname=".search-list"/><testcase name=" ›› filter list" classname=" .search-filter"/><testcase name=" ›› filter list" classname=".search-list"/><testcase name=" ›› filter list" classname=" .search-filter"/><testcase name=" ›› filter list" classname=".search-list"/><testcase name=" ›› filter list" classname=" .search-filter"/><testcase name=" ›› global search" classname=".ama__global-search"/><testcase name=" ›› global search" classname=".ama__global-search"/><testcase name=" ›› global search" classname=".ama__global-search"/><testcase name=" ›› global search" classname=".ama__global-search"/><testcase name=" ›› global search" classname=".ama__global-search"/><testcase name=" ›› hub card" classname=".ama__hub-card"/><testcase name=" ›› hub card" classname=".ama__hub-card"/><testcase name=" ›› hub card" classname=".ama__hub-card"/><testcase name=" ›› hub card" classname=".ama__hub-card"/><testcase name=" ›› hub card" classname=".ama__hub-card"/><testcase name=" ›› hub card as portrait" classname=".ama__hub-card"/><testcase name=" ›› hub card as portrait" classname=".ama__hub-card"/><testcase name=" ›› hub card as portrait" classname=".ama__hub-card"/><testcase name=" ›› hub card as portrait" classname=".ama__hub-card"/><testcase name=" ›› hub card as portrait" classname=".ama__hub-card"/><testcase name=" ›› hub card with no image" classname=".ama__hub-card"/><testcase name=" ›› hub card with no image" classname=".ama__hub-card"/><testcase name=" ›› hub card with no image" classname=".ama__hub-card"/><testcase name=" ›› hub card with no image" classname=".ama__hub-card"/><testcase name=" ›› hub card with no image" classname=".ama__hub-card"/><testcase name=" ›› hub card with select" classname=".ama__hub-card"/><testcase name=" ›› hub card with select" classname=".ama__hub-card"/><testcase name=" ›› hub card with select" classname=".ama__hub-card"/><testcase name=" ›› hub card with select" classname=".ama__hub-card"/><testcase name=" ›› hub card with select" classname=".ama__hub-card"/><testcase name=" ›› hub hero" classname=".ama__hub-hero"/><testcase name=" ›› hub hero" classname=".ama__hub-hero"/><testcase name=" ›› hub hero" classname=".ama__hub-hero"/><testcase name=" ›› hub hero" classname=".ama__hub-hero"/><testcase name=" ›› hub hero" classname=".ama__hub-hero"/><testcase name=" ›› hub hero as cta only" classname=".ama__hub-hero"/><testcase name=" ›› hub hero as cta only" classname=".ama__hub-hero"/><testcase name=" ›› hub hero as cta only" classname=".ama__hub-hero"/><testcase name=" ›› hub hero as cta only" classname=".ama__hub-hero"/><testcase name=" ›› hub hero as cta only" classname=".ama__hub-hero"/><testcase name=" ›› hub hero as fift fifty left" classname=".ama__hub-hero"/><testcase name=" ›› hub hero as fift fifty left" classname=".ama__hub-hero"/><testcase name=" ›› hub hero as fift fifty left" classname=".ama__hub-hero"/><testcase name=" ›› hub hero as fift fifty left" classname=".ama__hub-hero"/><testcase name=" ›› hub hero as fift fifty left" classname=".ama__hub-hero"/><testcase name=" ›› hub hero as fifty fifty video" classname=".ama__hub-hero"/><testcase name=" ›› hub hero as fifty fifty video" classname=".ama__hub-hero"/><testcase name=" ›› hub hero as fifty fifty video" classname=".ama__hub-hero"/><testcase name=" ›› hub hero as fifty fifty video" classname=".ama__hub-hero"/><testcase name=" ›› hub hero as fifty fifty video" classname=".ama__hub-hero"/><testcase name=" ›› hub hero as fifty fifty" classname=".ama__hub-hero"/><testcase name=" ›› hub hero as fifty fifty" classname=".ama__hub-hero"/><testcase name=" ›› hub hero as fifty fifty" classname=".ama__hub-hero"/><testcase name=" ›› hub hero as fifty fifty" classname=".ama__hub-hero"/><testcase name=" ›› hub hero as fifty fifty" classname=".ama__hub-hero"/><testcase name=" ›› hub hero as hero side" classname=".ama__hub-hero"/><testcase name=" ›› hub hero as hero side" classname=".ama__hub-hero"/><testcase name=" ›› hub hero as hero side" classname=".ama__hub-hero"/><testcase name=" ›› hub hero as hero side" classname=".ama__hub-hero"/><testcase name=" ›› hub hero as hero side" classname=".ama__hub-hero"/><testcase name=" ›› hub hero as hero side right" classname=".ama__hub-hero"/><testcase name=" ›› hub hero as hero side right" classname=".ama__hub-hero"/><testcase name=" ›› hub hero as hero side right" classname=".ama__hub-hero"/><testcase name=" ›› hub hero as hero side right" classname=".ama__hub-hero"/><testcase name=" ›› hub hero as hero side right" classname=".ama__hub-hero"/><testcase name=" ›› hub hero as split no overlay" classname=".ama__hub-hero"/><testcase name=" ›› hub hero as split no overlay" classname=".ama__hub-hero"/><testcase name=" ›› hub hero as split no overlay" classname=".ama__hub-hero"/><testcase name=" ›› hub hero as split no overlay" classname=".ama__hub-hero"/><testcase name=" ›› hub hero as split no overlay" classname=".ama__hub-hero"/><testcase name=" ›› hub hero as split" classname=".ama__hub-hero"/><testcase name=" ›› hub hero as split" classname=".ama__hub-hero"/><testcase name=" ›› hub hero as split" classname=".ama__hub-hero"/><testcase name=" ›› hub hero as split" classname=".ama__hub-hero"/><testcase name=" ›› hub hero as split" classname=".ama__hub-hero"/><testcase name=" ›› hub section header" classname=".ama__hub-section-header"/><testcase name=" ›› hub section header" classname=".ama__hub-section-header"/><testcase name=" ›› hub section header" classname=".ama__hub-section-header"/><testcase name=" ›› hub section header" classname=".ama__hub-section-header"/><testcase name=" ›› hub section header" classname=".ama__hub-section-header"/><testcase name=" ›› info card as contact" classname=".ama__info-card"/><testcase name=" ›› info card as contact" classname=".ama__info-card"/><testcase name=" ›› info card as contact" classname=".ama__info-card"/><testcase name=" ›› info card as contact" classname=".ama__info-card"/><testcase name=" ›› info card as contact" classname=".ama__info-card"/><testcase name=" ›› info card as speaker" classname=".ama__info-card"/><testcase name=" ›› info card as speaker" classname=".ama__info-card"/><testcase name=" ›› info card as speaker" classname=".ama__info-card"/><testcase name=" ›› info card as speaker" classname=".ama__info-card"/><testcase name=" ›› info card as speaker" classname=".ama__info-card"/><testcase name=" ›› info card as location" classname=".ama__info-card"/><testcase name=" ›› info card as location" classname=".ama__info-card"/><testcase name=" ›› info card as location" classname=".ama__info-card"/><testcase name=" ›› info card as location" classname=".ama__info-card"/><testcase name=" ›› info card as location" classname=".ama__info-card"/><testcase name=" ›› info card" classname=".ama__info-card"/><testcase name=" ›› info card" classname=".ama__info-card"/><testcase name=" ›› info card" classname=".ama__info-card"/><testcase name=" ›› info card" classname=".ama__info-card"/><testcase name=" ›› info card" classname=".ama__info-card"/><testcase name=" ›› info card as media contact" classname=".ama__info-card"/><testcase name=" ›› info card as media contact" classname=".ama__info-card"/><testcase name=" ›› info card as media contact" classname=".ama__info-card"/><testcase name=" ›› info card as media contact" classname=".ama__info-card"/><testcase name=" ›› info card as media contact" classname=".ama__info-card"/><testcase name=" ›› jama network" classname="document"/><testcase name=" ›› jama network" classname="document"/><testcase name=" ›› jama network" classname="document"/><testcase name=" ›› jama network" classname="document"/><testcase name=" ›› jama network" classname="document"/><testcase name=" ›› link list" classname=".ama__link-list"/><testcase name=" ›› link list" classname=".ama__link-list"/><testcase name=" ›› link list" classname=".ama__link-list"/><testcase name=" ›› link list" classname=".ama__link-list"/><testcase name=" ›› link list" classname=".ama__link-list"/><testcase name=" ›› membership" classname=".ama__membership"/><testcase name=" ›› membership" classname=".ama__membership.__n1"/><testcase name=" ›› membership" classname=".ama__membership"/><testcase name=" ›› membership" classname=".ama__membership.__n1"/><testcase name=" ›› membership" classname=".ama__membership"/><testcase name=" ›› membership" classname=".ama__membership.__n1"/><testcase name=" ›› membership" classname=".ama__membership"/><testcase name=" ›› membership" classname=".ama__membership.__n1"/><testcase name=" ›› membership" classname=".ama__membership"/><testcase name=" ›› membership" classname=".ama__membership.__n1"/><testcase name=" ›› promo as inline" classname=".ama__promo--inline"/><testcase name=" ›› promo as inline" classname=".ama__promo--inline"/><testcase name=" ›› promo as inline" classname=".ama__promo--inline"/><testcase name=" ›› promo as inline" classname=".ama__promo--inline"/><testcase name=" ›› promo as inline" classname=".ama__promo--inline"/><testcase name=" ›› promo with border" classname=".ama__promo--border"/><testcase name=" ›› promo with border" classname=".ama__promo--border"/><testcase name=" ›› promo with border" classname=".ama__promo--border"/><testcase name=" ›› promo with border" classname=".ama__promo--border"/><testcase name=" ›› promo with border" classname=".ama__promo--border"/><testcase name=" ›› promo with cta" classname=".ama__promo--background"/><testcase name=" ›› promo with cta" classname=".ama__promo--background"/><testcase name=" ›› promo with cta" classname=".ama__promo--background"/><testcase name=" ›› promo with cta" classname=".ama__promo--background"/><testcase name=" ›› promo with cta" classname=".ama__promo--background"/><testcase name=" ›› promo with image" classname=".ama__promo--background"/><testcase name=" ›› promo with image" classname=".ama__promo--background"/><testcase name=" ›› promo with image" classname=".ama__promo--background"/><testcase name=" ›› promo with image" classname=".ama__promo--background"/><testcase name=" ›› promo with image" classname=".ama__promo--background"/><testcase name=" ›› promo as homepage" classname=".ama__promo--homepage"/><testcase name=" ›› promo as homepage" classname=".ama__promo--homepage"/><testcase name=" ›› promo as homepage" classname=".ama__promo--homepage"/><testcase name=" ›› promo as homepage" classname=".ama__promo--homepage"/><testcase name=" ›› promo as homepage" classname=".ama__promo--homepage"/><testcase name=" ›› promo" classname=".ama__promo--background"/><testcase name=" ›› promo" classname=".ama__promo--background"/><testcase name=" ›› promo" classname=".ama__promo--background"/><testcase name=" ›› promo" classname=".ama__promo--background"/><testcase name=" ›› promo" classname=".ama__promo--background"/><testcase name=" ›› ribbon" classname=".ama__ribbon__dropdown"/><testcase name=" ›› ribbon" classname=".ama__ribbon__dropdown.__n1"/><testcase name=" ›› ribbon" classname=".ama__ribbon__dropdown.__n2"/><testcase name=" ›› ribbon" classname=".ama__ribbon__dropdown.__n3"/><testcase name=" ›› ribbon" classname=".ama__ribbon__dropdown"/><testcase name=" ›› ribbon" classname=".ama__ribbon__dropdown.__n1"/><testcase name=" ›› ribbon" classname=".ama__ribbon__dropdown.__n2"/><testcase name=" ›› ribbon" classname=".ama__ribbon__dropdown.__n3"/><testcase name=" ›› ribbon" classname=".ama__ribbon__dropdown"/><testcase name=" ›› ribbon" classname=".ama__ribbon__dropdown.__n1"/><testcase name=" ›› ribbon" classname=".ama__ribbon__dropdown.__n2"/><testcase name=" ›› ribbon" classname=".ama__ribbon__dropdown.__n3"/><testcase name=" ›› ribbon" classname=".ama__ribbon__dropdown"/><testcase name=" ›› ribbon" classname=".ama__ribbon__dropdown.__n1"/><testcase name=" ›› ribbon" classname=".ama__ribbon__dropdown.__n2"/><testcase name=" ›› ribbon" classname=".ama__ribbon__dropdown.__n3"/><testcase name=" ›› ribbon" classname=".ama__ribbon__dropdown"/><testcase name=" ›› ribbon" classname=".ama__ribbon__dropdown.__n1"/><testcase name=" ›› ribbon" classname=".ama__ribbon__dropdown.__n2"/><testcase name=" ›› ribbon" classname=".ama__ribbon__dropdown.__n3"/><testcase name=" ›› ribbon user menu" classname=".ama__ribbon_user_menu"/><testcase name=" ›› ribbon user menu" classname=".ama__ribbon_user_menu.__n1"/><testcase name=" ›› ribbon user menu" classname=".ama__ribbon_user_menu"/><testcase name=" ›› ribbon user menu" classname=".ama__ribbon_user_menu.__n1"/><testcase name=" ›› ribbon user menu" classname=".ama__ribbon_user_menu"/><testcase name=" ›› ribbon user menu" classname=".ama__ribbon_user_menu.__n1"/><testcase name=" ›› ribbon user menu" classname=".ama__ribbon_user_menu"/><testcase name=" ›› ribbon user menu" classname=".ama__ribbon_user_menu.__n1"/><testcase name=" ›› ribbon user menu" classname=".ama__ribbon_user_menu"/><testcase name=" ›› ribbon user menu" classname=".ama__ribbon_user_menu.__n1"/><testcase name=" ›› subcategory page article stub" classname=".ama__subcategory-page-article-stub"/><testcase name=" ›› subcategory page article stub" classname=".ama__subcategory-page-article-stub"/><testcase name=" ›› subcategory page article stub" classname=".ama__subcategory-page-article-stub"/><testcase name=" ›› subcategory page article stub" classname=".ama__subcategory-page-article-stub"/><testcase name=" ›› subcategory page article stub" classname=".ama__subcategory-page-article-stub"/><testcase name=" ›› subcategory page hero" classname=".ama__subcategory-hero"><error message="Design deviation ›› subcategory page hero (.ama__subcategory-hero) component" type="CSS component"/><failure message="Design deviation ›› subcategory page hero (.ama__subcategory-hero) component" type="CSS component"/></testcase><testcase name=" ›› subcategory page hero" classname=".ama__subcategory-hero"><error message="Design deviation ›› subcategory page hero (.ama__subcategory-hero) component" type="CSS component"/><failure message="Design deviation ›› subcategory page hero (.ama__subcategory-hero) component" type="CSS component"/></testcase><testcase name=" ›› subcategory page hero" classname=".ama__subcategory-hero"><error message="Design deviation ›› subcategory page hero (.ama__subcategory-hero) component" type="CSS component"/><failure message="Design deviation ›› subcategory page hero (.ama__subcategory-hero) component" type="CSS component"/></testcase><testcase name=" ›› subcategory page hero" classname=".ama__subcategory-hero"><error message="Design deviation ›› subcategory page hero (.ama__subcategory-hero) component" type="CSS component"/><failure message="Design deviation ›› subcategory page hero (.ama__subcategory-hero) component" type="CSS component"/></testcase><testcase name=" ›› subcategory page hero" classname=".ama__subcategory-hero"><error message="Design deviation ›› subcategory page hero (.ama__subcategory-hero) component" type="CSS component"/><failure message="Design deviation ›› subcategory page hero (.ama__subcategory-hero) component" type="CSS component"/></testcase><testcase name=" ›› tool" classname=".ama__tool"/><testcase name=" ›› tool" classname=".ama__tool.__n1"/><testcase name=" ›› tool" classname=".ama__tool"/><testcase name=" ›› tool" classname=".ama__tool.__n1"/><testcase name=" ›› tool" classname=".ama__tool"/><testcase name=" ›› tool" classname=".ama__tool.__n1"/><testcase name=" ›› tool" classname=".ama__tool"/><testcase name=" ›› tool" classname=".ama__tool.__n1"/><testcase name=" ›› tool" classname=".ama__tool"/><testcase name=" ›› tool" classname=".ama__tool.__n1"/><testcase name=" ›› agenda table" classname=".ama__table-agenda"/><testcase name=" ›› agenda table" classname=".ama__table-agenda"/><testcase name=" ›› agenda table" classname=".ama__table-agenda"/><testcase name=" ›› agenda table" classname=".ama__table-agenda"/><testcase name=" ›› agenda table" classname=".ama__table-agenda"/><testcase name=" ›› agenda" classname="document"/><testcase name=" ›› agenda" classname="document"/><testcase name=" ›› agenda" classname="document"/><testcase name=" ›› agenda" classname="document"/><testcase name=" ›› agenda" classname="document"/><testcase name=" ›› applied filters" classname=".ama__applied-filters"/><testcase name=" ›› applied filters" classname=".ama__applied-filters"/><testcase name=" ›› applied filters" classname=".ama__applied-filters"/><testcase name=" ›› applied filters" classname=".ama__applied-filters"/><testcase name=" ›› applied filters" classname=".ama__applied-filters"/><testcase name=" ›› expand list" classname=".ama__expand-list"/><testcase name=" ›› expand list" classname=".ama__expand-list"/><testcase name=" ›› expand list" classname=".ama__expand-list"/><testcase name=" ›› expand list" classname=".ama__expand-list"/><testcase name=" ›› expand list" classname=".ama__expand-list"/><testcase name=" ›› form steps" classname=".ama__form-steps"/><testcase name=" ›› form steps" classname=".ama__form-steps"/><testcase name=" ›› form steps" classname=".ama__form-steps"/><testcase name=" ›› form steps" classname=".ama__form-steps"/><testcase name=" ›› form steps" classname=".ama__form-steps"/><testcase name=" ›› forms" classname=".container"/><testcase name=" ›› forms" classname=".container"/><testcase name=" ›› forms" classname=".container"/><testcase name=" ›› forms" classname=".container"/><testcase name=" ›› forms" classname=".container"/><testcase name=" ›› inline bio" classname=".ama__inline-bio"/><testcase name=" ›› inline bio" classname=".ama__inline-bio"/><testcase name=" ›› inline bio" classname=".ama__inline-bio"/><testcase name=" ›› inline bio" classname=".ama__inline-bio"/><testcase name=" ›› inline bio" classname=".ama__inline-bio"/><testcase name=" ›› pagination" classname=".ama__pagination"/><testcase name=" ›› pagination" classname=".ama__pagination"/><testcase name=" ›› pagination" classname=".ama__pagination"/><testcase name=" ›› pagination" classname=".ama__pagination"/><testcase name=" ›› pagination" classname=".ama__pagination"/><testcase name=" ›› partner information" classname=".ama__partner"/><testcase name=" ›› partner information" classname=".ama__partner"/><testcase name=" ›› partner information" classname=".ama__partner"/><testcase name=" ›› partner information" classname=".ama__partner"/><testcase name=" ›› partner information" classname=".ama__partner"/><testcase name=" ›› press release logos" classname=".ama__press-release__logos"/><testcase name=" ›› press release logos" classname=".ama__press-release__logos"/><testcase name=" ›› press release logos" classname=".ama__press-release__logos"/><testcase name=" ›› press release logos" classname=".ama__press-release__logos"/><testcase name=" ›› press release logos" classname=".ama__press-release__logos"/><testcase name=" ›› radio button group" classname=".ama__radio-buttons"/><testcase name=" ›› radio button group" classname=".ama__radio-buttons"/><testcase name=" ›› radio button group" classname=".ama__radio-buttons"/><testcase name=" ›› radio button group" classname=".ama__radio-buttons"/><testcase name=" ›› radio button group" classname=".ama__radio-buttons"/><testcase name=" ›› resource link as inline" classname=".ama__resource-link--inline"/><testcase name=" ›› resource link as inline" classname=".ama__resource-link--inline"/><testcase name=" ›› resource link as inline" classname=".ama__resource-link--inline"/><testcase name=" ›› resource link as inline" classname=".ama__resource-link--inline"/><testcase name=" ›› resource link as inline" classname=".ama__resource-link--inline"/><testcase name=" ›› search header" classname=".ama__search-header"/><testcase name=" ›› search header" classname=".ama__search-header"/><testcase name=" ›› search header" classname=".ama__search-header"/><testcase name=" ›› search header" classname=".ama__search-header"/><testcase name=" ›› search header" classname=".ama__search-header"/><testcase name=" ›› search header for results" classname=".ama__search-header--results"/><testcase name=" ›› search header for results" classname=".ama__search-header--results"/><testcase name=" ›› search header for results" classname=".ama__search-header--results"/><testcase name=" ›› search header for results" classname=".ama__search-header--results"/><testcase name=" ›› search header for results" classname=".ama__search-header--results"/><testcase name=" ›› sign in dropdown" classname=".ama__sign-in-dropdown"/><testcase name=" ›› sign in dropdown" classname=".ama__sign-in-dropdown"/><testcase name=" ›› sign in dropdown" classname=".ama__sign-in-dropdown"/><testcase name=" ›› sign in dropdown" classname=".ama__sign-in-dropdown"/><testcase name=" ›› sign in dropdown" classname=".ama__sign-in-dropdown"/><testcase name=" ›› social share" classname=".ama__social-share"/><testcase name=" ›› social share" classname=".ama__social-share"/><testcase name=" ›› social share" classname=".ama__social-share"/><testcase name=" ›› social share" classname=".ama__social-share"/><testcase name=" ›› social share" classname=".ama__social-share"/><testcase name=" ›› subscribe promo" classname=".ama__subscribe-promo"/><testcase name=" ›› subscribe promo" classname=".ama__subscribe-promo"/><testcase name=" ›› subscribe promo" classname=".ama__subscribe-promo"/><testcase name=" ›› subscribe promo" classname=".ama__subscribe-promo"/><testcase name=" ›› subscribe promo" classname=".ama__subscribe-promo"/><testcase name=" ›› tags" classname=".ama__tags"/><testcase name=" ›› tags" classname=".ama__tags"/><testcase name=" ›› tags" classname=".ama__tags"/><testcase name=" ›› tags" classname=".ama__tags"/><testcase name=" ›› tags" classname=".ama__tags"/><testcase name=" ›› tools learn more" classname="a"/><testcase name=" ›› tools learn more" classname="a.__n1"/><testcase name=" ›› tools learn more" classname="a.__n2"/><testcase name=" ›› tools learn more" classname="a"/><testcase name=" ›› tools learn more" classname="a.__n1"/><testcase name=" ›› tools learn more" classname="a.__n2"/><testcase name=" ›› tools learn more" classname="a"/><testcase name=" ›› tools learn more" classname="a.__n1"/><testcase name=" ›› tools learn more" classname="a.__n2"/><testcase name=" ›› tools learn more" classname="a"/><testcase name=" ›› tools learn more" classname="a.__n1"/><testcase name=" ›› tools learn more" classname="a.__n2"/><testcase name=" ›› tools learn more" classname="a"/><testcase name=" ›› tools learn more" classname="a.__n1"/><testcase name=" ›› tools learn more" classname="a.__n2"/><testcase name=" ›› tools list" classname=".ama__tool"/><testcase name=" ›› tools list" classname=".ama__tool.__n1"/><testcase name=" ›› tools list" classname=".ama__tool.__n2"/><testcase name=" ›› tools list" classname=".ama__tool.__n3"/><testcase name=" ›› tools list" classname=".ama__tool.__n4"/><testcase name=" ›› tools list" classname=".ama__tool.__n5"/><testcase name=" ›› tools list" classname=".ama__tool"/><testcase name=" ›› tools list" classname=".ama__tool.__n1"/><testcase name=" ›› tools list" classname=".ama__tool.__n2"/><testcase name=" ›› tools list" classname=".ama__tool.__n3"/><testcase name=" ›› tools list" classname=".ama__tool.__n4"/><testcase name=" ›› tools list" classname=".ama__tool.__n5"/><testcase name=" ›› tools list" classname=".ama__tool"/><testcase name=" ›› tools list" classname=".ama__tool.__n1"/><testcase name=" ›› tools list" classname=".ama__tool.__n2"/><testcase name=" ›› tools list" classname=".ama__tool.__n3"/><testcase name=" ›› tools list" classname=".ama__tool.__n4"/><testcase name=" ›› tools list" classname=".ama__tool.__n5"/><testcase name=" ›› tools list" classname=".ama__tool"/><testcase name=" ›› tools list" classname=".ama__tool.__n1"/><testcase name=" ›› tools list" classname=".ama__tool.__n2"/><testcase name=" ›› tools list" classname=".ama__tool.__n3"/><testcase name=" ›› tools list" classname=".ama__tool.__n4"/><testcase name=" ›› tools list" classname=".ama__tool.__n5"/><testcase name=" ›› tools list" classname=".ama__tool"/><testcase name=" ›› tools list" classname=".ama__tool.__n1"/><testcase name=" ›› tools list" classname=".ama__tool.__n2"/><testcase name=" ›› tools list" classname=".ama__tool.__n3"/><testcase name=" ›› tools list" classname=".ama__tool.__n4"/><testcase name=" ›› tools list" classname=".ama__tool.__n5"/><testcase name=" ›› partner promo" classname=".ama__partner-promo"/><testcase name=" ›› partner promo" classname=".ama__partner-promo"/><testcase name=" ›› partner promo" classname=".ama__partner-promo"/><testcase name=" ›› partner promo" classname=".ama__partner-promo"/><testcase name=" ›› partner promo" classname=".ama__partner-promo"/><testcase name=" ›› partner promo as homepage" classname=".ama__partner-promo"/><testcase name=" ›› partner promo as homepage" classname=".ama__partner-promo"/><testcase name=" ›› partner promo as homepage" classname=".ama__partner-promo"/><testcase name=" ›› partner promo as homepage" classname=".ama__partner-promo"/><testcase name=" ›› partner promo as homepage" classname=".ama__partner-promo"/><testcase name=" ›› product" classname=".ama__product"/><testcase name=" ›› product" classname=".ama__product"/><testcase name=" ›› product" classname=".ama__product"/><testcase name=" ›› product" classname=".ama__product"/><testcase name=" ›› product" classname=".ama__product"/><testcase name=" ›› search result" classname=".ama__search-result"/><testcase name=" ›› search result" classname=".ama__search-result"/><testcase name=" ›› search result" classname=".ama__search-result"/><testcase name=" ›› search result" classname=".ama__search-result"/><testcase name=" ›› search result" classname=".ama__search-result"/><testcase name=" ›› search result as best bet" classname=".ama__search-result--best-bet"/><testcase name=" ›› search result as best bet" classname=".ama__search-result--best-bet"/><testcase name=" ›› search result as best bet" classname=".ama__search-result--best-bet"/><testcase name=" ›› search result as best bet" classname=".ama__search-result--best-bet"/><testcase name=" ›› search result as best bet" classname=".ama__search-result--best-bet"/><testcase name=" ›› category navigation menu" classname=".ama_category_navigation_menu"/><testcase name=" ›› category navigation menu" classname=".ama_category_navigation_menu"/><testcase name=" ›› category navigation menu" classname=".ama_category_navigation_menu"/><testcase name=" ›› category navigation menu" classname=".ama_category_navigation_menu"/><testcase name=" ›› category navigation menu" classname=".ama_category_navigation_menu"/><testcase name=" ›› category index" classname=".ama__category-index"/><testcase name=" ›› category index" classname=".ama__category-index"/><testcase name=" ›› category index" classname=".ama__category-index"/><testcase name=" ›› category index" classname=".ama__category-index"/><testcase name=" ›› category index" classname=".ama__category-index"/><testcase name=" ›› category navigation menu" classname=".ama_category_navigation_menu"/><testcase name=" ›› category navigation menu" classname=".ama_category_navigation_menu"/><testcase name=" ›› category navigation menu" classname=".ama_category_navigation_menu"/><testcase name=" ›› category navigation menu" classname=".ama_category_navigation_menu"/><testcase name=" ›› category navigation menu" classname=".ama_category_navigation_menu"/><testcase name=" ›› masthead with subtitle" classname=".ama__masthead"/><testcase name=" ›› masthead with subtitle" classname=".ama__masthead"/><testcase name=" ›› masthead with subtitle" classname=".ama__masthead"/><testcase name=" ›› masthead with subtitle" classname=".ama__masthead"/><testcase name=" ›› masthead with subtitle" classname=".ama__masthead"/><testcase name=" ›› main navigation" classname=".ama__main-navigation "/><testcase name=" ›› main navigation" classname=".ama__main-navigation "/><testcase name=" ›› main navigation" classname=".ama__main-navigation "/><testcase name=" ›› main navigation" classname=".ama__main-navigation "/><testcase name=" ›› main navigation" classname=".ama__main-navigation "/><testcase name=" ›› masthead default" classname=".ama__masthead"/><testcase name=" ›› masthead default" classname=".ama__masthead"/><testcase name=" ›› masthead default" classname=".ama__masthead"/><testcase name=" ›› masthead default" classname=".ama__masthead"/><testcase name=" ›› masthead default" classname=".ama__masthead"/><testcase name=" ›› masthead as indented" classname=".ama__masthead"/><testcase name=" ›› masthead as indented" classname=".ama__masthead"/><testcase name=" ›› masthead as indented" classname=".ama__masthead"/><testcase name=" ›› masthead as indented" classname=".ama__masthead"/><testcase name=" ›› masthead as indented" classname=".ama__masthead"/><testcase name=" ›› masthead as simplified" classname=".ama__masthead"/><testcase name=" ›› masthead as simplified" classname=".ama__masthead"/><testcase name=" ›› masthead as simplified" classname=".ama__masthead"/><testcase name=" ›› masthead as simplified" classname=".ama__masthead"/><testcase name=" ›› masthead as simplified" classname=".ama__masthead"/><testcase name=" ›› masthead with subtitle as indented" classname=".ama__masthead"/><testcase name=" ›› masthead with subtitle as indented" classname=".ama__masthead"/><testcase name=" ›› masthead with subtitle as indented" classname=".ama__masthead"/><testcase name=" ›› masthead with subtitle as indented" classname=".ama__masthead"/><testcase name=" ›› masthead with subtitle as indented" classname=".ama__masthead"/><testcase name=" ›› member feature" classname=".ama__member-feature-rail"/><testcase name=" ›› member feature" classname=".ama__member-feature-rail"/><testcase name=" ›› member feature" classname=".ama__member-feature-rail"/><testcase name=" ›› member feature" classname=".ama__member-feature-rail"/><testcase name=" ›› member feature" classname=".ama__member-feature-rail"/><testcase name=" ›› member feature rail" classname=".ama__member-feature-rail"/><testcase name=" ›› member feature rail" classname=".ama__member-feature-rail"/><testcase name=" ›› member feature rail" classname=".ama__member-feature-rail"/><testcase name=" ›› member feature rail" classname=".ama__member-feature-rail"/><testcase name=" ›› member feature rail" classname=".ama__member-feature-rail"/><testcase name=" ›› product nav" classname=".ama__product-nav"/><testcase name=" ›› product nav" classname=".ama__product-nav"/><testcase name=" ›› product nav" classname=".ama__product-nav"/><testcase name=" ›› product nav" classname=".ama__product-nav"/><testcase name=" ›› product nav" classname=".ama__product-nav"/><testcase name=" ›› ribbon" classname=".ama__ribbon"/><testcase name=" ›› ribbon" classname=".ama__ribbon.__n1"/><testcase name=" ›› ribbon" classname=".ama__ribbon"/><testcase name=" ›› ribbon" classname=".ama__ribbon.__n1"/><testcase name=" ›› ribbon" classname=".ama__ribbon"/><testcase name=" ›› ribbon" classname=".ama__ribbon.__n1"/><testcase name=" ›› ribbon" classname=".ama__ribbon"/><testcase name=" ›› ribbon" classname=".ama__ribbon.__n1"/><testcase name=" ›› ribbon" classname=".ama__ribbon"/><testcase name=" ›› ribbon" classname=".ama__ribbon.__n1"/><testcase name=" ›› visual subcategory" classname=".ama__subcategory-exploration__subcategory"/><testcase name=" ›› visual subcategory" classname=".ama__subcategory-exploration__subcategory"/><testcase name=" ›› visual subcategory" classname=".ama__subcategory-exploration__subcategory"/><testcase name=" ›› visual subcategory" classname=".ama__subcategory-exploration__subcategory"/><testcase name=" ›› visual subcategory" classname=".ama__subcategory-exploration__subcategory"/><testcase name=" ›› category page article stub" classname=".ama__category-page-article-stub"/><testcase name=" ›› category page article stub" classname=".ama__category-page-article-stub"/><testcase name=" ›› category page article stub" classname=".ama__category-page-article-stub"/><testcase name=" ›› category page article stub" classname=".ama__category-page-article-stub"/><testcase name=" ›› category page article stub" classname=".ama__category-page-article-stub"/><testcase name=" ›› wayfinder" classname=".ama__wayfinder"/><testcase name=" ›› wayfinder" classname=".ama__wayfinder.__n1"/><testcase name=" ›› wayfinder" classname=".ama__wayfinder"/><testcase name=" ›› wayfinder" classname=".ama__wayfinder.__n1"/><testcase name=" ›› wayfinder" classname=".ama__wayfinder"/><testcase name=" ›› wayfinder" classname=".ama__wayfinder.__n1"/><testcase name=" ›› wayfinder" classname=".ama__wayfinder"/><testcase name=" ›› wayfinder" classname=".ama__wayfinder.__n1"/><testcase name=" ›› wayfinder" classname=".ama__wayfinder"/><testcase name=" ›› wayfinder" classname=".ama__wayfinder.__n1"/><testcase name=" ›› column teaser" classname=".ama__column-teaser"/><testcase name=" ›› column teaser" classname=".ama__column-teaser"/><testcase name=" ›› column teaser" classname=".ama__column-teaser"/><testcase name=" ›› column teaser" classname=".ama__column-teaser"/><testcase name=" ›› column teaser" classname=".ama__column-teaser"/><testcase name=" ›› event list" classname=".ama__event-list"/><testcase name=" ›› event list" classname=".ama__event-list"/><testcase name=" ›› event list" classname=".ama__event-list"/><testcase name=" ›› event list" classname=".ama__event-list"/><testcase name=" ›› event list" classname=".ama__event-list"/><testcase name=" ›› event speaker" classname=".ama__page--event__speakers"/><testcase name=" ›› event speaker" classname=".ama__page--event__speakers"/><testcase name=" ›› event speaker" classname=".ama__page--event__speakers"/><testcase name=" ›› event speaker" classname=".ama__page--event__speakers"/><testcase name=" ›› event speaker" classname=".ama__page--event__speakers"/><testcase name=" ›› filter" classname=".ama__filter"/><testcase name=" ›› filter" classname=".ama__filter"/><testcase name=" ›› filter" classname=".ama__filter"/><testcase name=" ›› filter" classname=".ama__filter"/><testcase name=" ›› filter" classname=".ama__filter"/><testcase name=" ›› four up list links" classname=".ama__four-up-links"/><testcase name=" ›› four up list links" classname=".ama__four-up-links"/><testcase name=" ›› four up list links" classname=".ama__four-up-links"/><testcase name=" ›› four up list links" classname=".ama__four-up-links"/><testcase name=" ›› four up list links" classname=".ama__four-up-links"/><testcase name=" ›› footer" classname=".ama__footer"/><testcase name=" ›› footer" classname=".ama__footer"/><testcase name=" ›› footer" classname=".ama__footer"/><testcase name=" ›› footer" classname=".ama__footer"/><testcase name=" ›› footer" classname=".ama__footer"/><testcase name=" ›› footer as universal" classname=".ama__footer"/><testcase name=" ›› footer as universal" classname=".ama__footer"/><testcase name=" ›› footer as universal" classname=".ama__footer"/><testcase name=" ›› footer as universal" classname=".ama__footer"/><testcase name=" ›› footer as universal" classname=".ama__footer"/><testcase name=" ›› four up teaser" classname=".ama__four-up-teaser"/><testcase name=" ›› four up teaser" classname=".ama__four-up-teaser"/><testcase name=" ›› four up teaser" classname=".ama__four-up-teaser"/><testcase name=" ›› four up teaser" classname=".ama__four-up-teaser"/><testcase name=" ›› four up teaser" classname=".ama__four-up-teaser"/><testcase name=" ›› hub cards" classname=".ama__hub-row"/><testcase name=" ›› hub cards" classname=".ama__hub-row"/><testcase name=" ›› hub cards" classname=".ama__hub-row"/><testcase name=" ›› hub cards" classname=".ama__hub-row"/><testcase name=" ›› hub cards" classname=".ama__hub-row"/><testcase name=" ›› hub heroes" classname=".ama__hub-hero-row"/><testcase name=" ›› hub heroes" classname=".ama__hub-hero-row"/><testcase name=" ›› hub heroes" classname=".ama__hub-hero-row"/><testcase name=" ›› hub heroes" classname=".ama__hub-hero-row"/><testcase name=" ›› hub heroes" classname=".ama__hub-hero-row"/><testcase name=" ›› lead news block" classname=".ama__lead-news"/><testcase name=" ›› lead news block" classname=".ama__lead-news"/><testcase name=" ›› lead news block" classname=".ama__lead-news"/><testcase name=" ›› lead news block" classname=".ama__lead-news"/><testcase name=" ›› lead news block" classname=".ama__lead-news"/><testcase name=" ›› page content tabs" classname=".ama__tabs--content"/><testcase name=" ›› page content tabs" classname=".ama__tabs--content"/><testcase name=" ›› page content tabs" classname=".ama__tabs--content"/><testcase name=" ›› page content tabs" classname=".ama__tabs--content"/><testcase name=" ›› page content tabs" classname=".ama__tabs--content"/><testcase name=" ›› partner list" classname=".ama__partner-list"/><testcase name=" ›› partner list" classname=".ama__partner-list"/><testcase name=" ›› partner list" classname=".ama__partner-list"/><testcase name=" ›› partner list" classname=".ama__partner-list"/><testcase name=" ›› partner list" classname=".ama__partner-list"/><testcase name=" ›› promo group" classname=".ama__promo-group"/><testcase name=" ›› promo group" classname=".ama__promo-group"/><testcase name=" ›› promo group" classname=".ama__promo-group"/><testcase name=" ›› promo group" classname=".ama__promo-group"/><testcase name=" ›› promo group" classname=".ama__promo-group"/><testcase name=" ›› resource tabs" classname=".ama__resource-tabs"/><testcase name=" ›› resource tabs" classname=".ama__resource-tabs"/><testcase name=" ›› resource tabs" classname=".ama__resource-tabs"/><testcase name=" ›› resource tabs" classname=".ama__resource-tabs"/><testcase name=" ›› resource tabs" classname=".ama__resource-tabs"/><testcase name=" ›› sidebar articles" classname=".ama__sidebar-articles"/><testcase name=" ›› sidebar articles" classname=".ama__sidebar-articles"/><testcase name=" ›› sidebar articles" classname=".ama__sidebar-articles"/><testcase name=" ›› sidebar articles" classname=".ama__sidebar-articles"/><testcase name=" ›› sidebar articles" classname=".ama__sidebar-articles"/><testcase name=" ›› subcategory exploration" classname=".ama__subcategory-exploration"><error message="Design deviation ›› subcategory exploration (.ama__subcategory-exploration) component" type="CSS component"/><failure message="Design deviation ›› subcategory exploration (.ama__subcategory-exploration) component" type="CSS component"/></testcase><testcase name=" ›› subcategory exploration" classname=".ama__subcategory-exploration"/><testcase name=" ›› subcategory exploration" classname=".ama__subcategory-exploration"/><testcase name=" ›› subcategory exploration" classname=".ama__subcategory-exploration"/><testcase name=" ›› subcategory exploration" classname=".ama__subcategory-exploration"/><testcase name=" ›› subcategory featured content" classname=".ama__subcategory-featured-content"/><testcase name=" ›› subcategory featured content" classname=".ama__subcategory-featured-content"/><testcase name=" ›› subcategory featured content" classname=".ama__subcategory-featured-content"/><testcase name=" ›› subcategory featured content" classname=".ama__subcategory-featured-content"/><testcase name=" ›› subcategory featured content" classname=".ama__subcategory-featured-content"/><testcase name=" ›› visual subcategory exploration with images" classname=".ama__subcategory-exploration-with-images"/><testcase name=" ›› visual subcategory exploration with images" classname=".ama__subcategory-exploration-with-images"/><testcase name=" ›› visual subcategory exploration with images" classname=".ama__subcategory-exploration-with-images"/><testcase name=" ›› visual subcategory exploration with images" classname=".ama__subcategory-exploration-with-images"/><testcase name=" ›› visual subcategory exploration with images" classname=".ama__subcategory-exploration-with-images"/><testcase name=" ›› subcategory featured content as carousel" classname=".ama__subcategory-featured-content-as-carousel"/><testcase name=" ›› subcategory featured content as carousel" classname=".ama__subcategory-featured-content-as-carousel"/><testcase name=" ›› subcategory featured content as carousel" classname=".ama__subcategory-featured-content-as-carousel"/><testcase name=" ›› subcategory featured content as carousel" classname=".ama__subcategory-featured-content-as-carousel"/><testcase name=" ›› subcategory featured content as carousel" classname=".ama__subcategory-featured-content-as-carousel"/><testcase name=" ›› tools" classname=".ama__tools"/><testcase name=" ›› tools" classname=".ama__tools"/><testcase name=" ›› tools" classname=".ama__tools"/><testcase name=" ›› tools" classname=".ama__tools"/><testcase name=" ›› tools" classname=".ama__tools"/><testcase name=" ›› your products" classname=".ama__products"/><testcase name=" ›› your products" classname=".ama__products"/><testcase name=" ›› your products" classname=".ama__products"/><testcase name=" ›› your products" classname=".ama__products"/><testcase name=" ›› your products" classname=".ama__products"/><testcase name=" ›› category nav" classname=".ama__category-nav"/><testcase name=" ›› category nav" classname=".ama__category-nav"/><testcase name=" ›› category nav" classname=".ama__category-nav"/><testcase name=" ›› category nav" classname=".ama__category-nav"/><testcase name=" ›› category nav" classname=".ama__category-nav"/><testcase name=" ›› org nav" classname=".ama__org-nav"/><testcase name=" ›› org nav" classname=".ama__org-nav"/><testcase name=" ›› org nav" classname=".ama__org-nav"/><testcase name=" ›› org nav" classname=".ama__org-nav"/><testcase name=" ›› org nav" classname=".ama__org-nav"/><testcase name=" ›› search results list" classname=".ama__search-result-list"/><testcase name=" ›› search results list" classname=".ama__search-result-list"/><testcase name=" ›› search results list" classname=".ama__search-result-list"/><testcase name=" ›› search results list" classname=".ama__search-result-list"/><testcase name=" ›› search results list" classname=".ama__search-result-list"/><testcase name=" ›› templates-one-column" classname="document"/><testcase name=" ›› templates-one-column" classname="document"/><testcase name=" ›› templates-one-column" classname="document"/><testcase name=" ›› templates-one-column" classname="document"/><testcase name=" ›› templates-one-column" classname="document"/><testcase name=" ›› templates-two-column-right" classname="document"/><testcase name=" ›› templates-two-column-right" classname="document"/><testcase name=" ›› templates-two-column-right" classname="document"/><testcase name=" ›› templates-two-column-right" classname="document"/><testcase name=" ›› templates-two-column-right" classname="document"/><testcase name=" ›› templates-two-column-right-full-width" classname="document"/><testcase name=" ›› templates-two-column-right-full-width" classname="document"/><testcase name=" ›› templates-two-column-right-full-width" classname="document"/><testcase name=" ›› templates-two-column-right-full-width" classname="document"/><testcase name=" ›› templates-two-column-right-full-width" classname="document"/><testcase name=" ›› templates-two-column-left" classname="document"/><testcase name=" ›› templates-two-column-left" classname="document"/><testcase name=" ›› templates-two-column-left" classname="document"/><testcase name=" ›› templates-two-column-left" classname="document"/><testcase name=" ›› templates-two-column-left" classname="document"/><testcase name=" ›› templates-three-column" classname="document"/><testcase name=" ›› templates-three-column" classname="document"/><testcase name=" ›› templates-three-column" classname="document"/><testcase name=" ›› templates-three-column" classname="document"/><testcase name=" ›› templates-three-column" classname="document"/><testcase name=" ›› error-page" classname="document"/><testcase name=" ›› error-page" classname="document"/><testcase name=" ›› error-page" classname="document"/><testcase name=" ›› error-page" classname="document"/><testcase name=" ›› error-page" classname="document"/><testcase name=" ›› event-page" classname="document"/><testcase name=" ›› event-page" classname="document"/><testcase name=" ›› event-page" classname="document"/><testcase name=" ›› event-page" classname="document"/><testcase name=" ›› event-page" classname="document"/><testcase name=" ›› topics-page" classname="document"/><testcase name=" ›› topics-page" classname="document"/><testcase name=" ›› topics-page" classname="document"/><testcase name=" ›› topics-page" classname="document"/><testcase name=" ›› topics-page" classname="document"/><testcase name=" ›› press release" classname="document"/><testcase name=" ›› press release" classname="document"/><testcase name=" ›› press release" classname="document"/><testcase name=" ›› press release" classname="document"/><testcase name=" ›› press release" classname="document"/><testcase name=" ›› news" classname="document"><error message="Design deviation ›› news (document) component" type="CSS component"/><failure message="Design deviation ›› news (document) component" type="CSS component"/></testcase><testcase name=" ›› news" classname="document"><error message="Design deviation ›› news (document) component" type="CSS component"/><failure message="Design deviation ›› news (document) component" type="CSS component"/></testcase><testcase name=" ›› news" classname="document"><error message="Design deviation ›› news (document) component" type="CSS component"/><failure message="Design deviation ›› news (document) component" type="CSS component"/></testcase><testcase name=" ›› news" classname="document"><error message="Design deviation ›› news (document) component" type="CSS component"/><failure message="Design deviation ›› news (document) component" type="CSS component"/></testcase><testcase name=" ›› news" classname="document"><error message="Design deviation ›› news (document) component" type="CSS component"/><failure message="Design deviation ›› news (document) component" type="CSS component"/></testcase><testcase name=" ›› news as gated" classname="document"/><testcase name=" ›› news as gated" classname="document"/><testcase name=" ›› news as gated" classname="document"/><testcase name=" ›› news as gated" classname="document"/><testcase name=" ›› news as gated" classname="document"/><testcase name=" ›› news with JAMA examples" classname="document"/><testcase name=" ›› news with JAMA examples" classname="document"/><testcase name=" ›› news with JAMA examples" classname="document"/><testcase name=" ›› news with JAMA examples" classname="document"/><testcase name=" ›› news with JAMA examples" classname="document"/><testcase name=" ›› resource" classname="document"/><testcase name=" ›› resource" classname="document"/><testcase name=" ›› resource" classname="document"/><testcase name=" ›› resource" classname="document"/><testcase name=" ›› resource" classname="document"/><testcase name=" ›› hub-page" classname="document"/><testcase name=" ›› hub-page" classname="document"/><testcase name=" ›› hub-page" classname="document"/><testcase name=" ›› hub-page" classname="document"/><testcase name=" ›› hub-page" classname="document"/><testcase name=" ›› event listing" classname="document"/><testcase name=" ›› event listing" classname="document"/><testcase name=" ›› event listing" classname="document"/><testcase name=" ›› event listing" classname="document"/><testcase name=" ›› event listing" classname="document"/><testcase name=" ›› category page" classname="document"/><testcase name=" ›› category page" classname="document"/><testcase name=" ›› category page" classname="document"/><testcase name=" ›› category page" classname="document"/><testcase name=" ›› category page" classname="document"/><testcase name=" ›› people bio" classname="document"/><testcase name=" ›› people bio" classname="document"/><testcase name=" ›› people bio" classname="document"/><testcase name=" ›› people bio" classname="document"/><testcase name=" ›› people bio" classname="document"/><testcase name=" ›› people listing" classname="document"/><testcase name=" ›› people listing" classname="document"/><testcase name=" ›› people listing" classname="document"/><testcase name=" ›› people listing" classname="document"/><testcase name=" ›› people listing" classname="document"/><testcase name=" ›› homepage" classname="document"/><testcase name=" ›› homepage" classname="document"/><testcase name=" ›› homepage" classname="document"/><testcase name=" ›› homepage" classname="document"/><testcase name=" ›› homepage" classname="document"/><testcase name=" ›› search results" classname="document"/><testcase name=" ›› search results" classname="document"/><testcase name=" ›› search results" classname="document"/><testcase name=" ›› search results" classname="document"/><testcase name=" ›› search results" classname="document"/></testsuite></testsuites>